<?xml version="1.0" encoding="UTF-8"?>
<!-- Generated by org.testng.reporters.JUnitXMLReporter -->
<testsuite hostname="DESKTOP-E4AK4IT" ignored="0" name="Test" tests="4" failures="0" timestamp="29 Mei 2022 07:51:30 GMT" time="22.488" errors="0">
  <testcase name="configAPI" time="1.583" classname="qaautomation.may2022.APITestAfterRefactor"/>
  <testcase name="dashboardAPI" time="1.57" classname="qaautomation.may2022.APITestAfterRefactor"/>
  <testcase name="fakerTest" time="0.004" classname="qaautomation.may2022.APITestAfterRefactor"/>
  <testcase name="userAPI" time="1.484" classname="qaautomation.may2022.APITestAfterRefactor"/>
</testsuite> <!-- Test -->
