<?xml version="1.0" encoding="UTF-8"?>
<!-- Generated by org.testng.reporters.JUnitXMLReporter -->
<testsuite hostname="DESKTOP-E4AK4IT" ignored="0" name="Test" tests="4" failures="0" timestamp="29 Mei 2022 08:22:23 GMT" time="26.814" errors="0">
  <testcase name="configAPI" time="1.601" classname="qaautomation.may2022.APITestAfterRefactor"/>
  <testcase name="dashboardAPI" time="13.584" classname="qaautomation.may2022.APITestAfterRefactor"/>
  <testcase name="fakerTest" time="0.003" classname="qaautomation.may2022.APITestAfterRefactor"/>
  <testcase name="userAPI" time="1.783" classname="qaautomation.may2022.APITestAfterRefactor"/>
</testsuite> <!-- Test -->
