<?xml version="1.0" encoding="UTF-8"?>
<testng-results skipped="0" failed="0" ignored="0" total="4" passed="4">
  <reporter-output>
  </reporter-output>
  <suite name="Suite" duration-ms="26814" started-at="2022-05-29T08:21:56Z" finished-at="2022-05-29T08:22:23Z">
    <groups>
    </groups>
    <test name="Test" duration-ms="26814" started-at="2022-05-29T08:21:56Z" finished-at="2022-05-29T08:22:23Z">
      <class name="qaautomation.may2022.APITestAfterRefactor">
        <test-method status="PASS" signature="login()[pri:0, instance:qaautomation.may2022.APITestAfterRefactor@4af0df05]" name="login" is-config="true" duration-ms="4799" started-at="2022-05-29T08:21:56Z" finished-at="2022-05-29T08:22:01Z">
          <reporter-output>
          </reporter-output>
        </test-method> <!-- login -->
        <test-method status="PASS" signature="configAPI()[pri:0, instance:qaautomation.may2022.APITestAfterRefactor@4af0df05]" name="configAPI" duration-ms="1601" started-at="2022-05-29T08:22:01Z" finished-at="2022-05-29T08:22:02Z">
          <reporter-output>
          </reporter-output>
        </test-method> <!-- configAPI -->
        <test-method status="PASS" signature="login()[pri:0, instance:qaautomation.may2022.APITestAfterRefactor@4af0df05]" name="login" is-config="true" duration-ms="1564" started-at="2022-05-29T08:22:02Z" finished-at="2022-05-29T08:22:04Z">
          <reporter-output>
          </reporter-output>
        </test-method> <!-- login -->
        <test-method status="PASS" signature="dashboardAPI()[pri:0, instance:qaautomation.may2022.APITestAfterRefactor@4af0df05]" name="dashboardAPI" duration-ms="13584" started-at="2022-05-29T08:22:04Z" finished-at="2022-05-29T08:22:17Z">
          <reporter-output>
          </reporter-output>
        </test-method> <!-- dashboardAPI -->
        <test-method status="PASS" signature="login()[pri:0, instance:qaautomation.may2022.APITestAfterRefactor@4af0df05]" name="login" is-config="true" duration-ms="1618" started-at="2022-05-29T08:22:17Z" finished-at="2022-05-29T08:22:19Z">
          <reporter-output>
          </reporter-output>
        </test-method> <!-- login -->
        <test-method status="PASS" signature="fakerTest()[pri:0, instance:qaautomation.may2022.APITestAfterRefactor@4af0df05]" name="fakerTest" duration-ms="3" started-at="2022-05-29T08:22:19Z" finished-at="2022-05-29T08:22:19Z">
          <reporter-output>
          </reporter-output>
        </test-method> <!-- fakerTest -->
        <test-method status="PASS" signature="login()[pri:0, instance:qaautomation.may2022.APITestAfterRefactor@4af0df05]" name="login" is-config="true" duration-ms="1623" started-at="2022-05-29T08:22:19Z" finished-at="2022-05-29T08:22:21Z">
          <reporter-output>
          </reporter-output>
        </test-method> <!-- login -->
        <test-method status="PASS" signature="userAPI()[pri:0, instance:qaautomation.may2022.APITestAfterRefactor@4af0df05]" name="userAPI" duration-ms="1783" started-at="2022-05-29T08:22:21Z" finished-at="2022-05-29T08:22:23Z">
          <reporter-output>
          </reporter-output>
        </test-method> <!-- userAPI -->
      </class> <!-- qaautomation.may2022.APITestAfterRefactor -->
    </test> <!-- Test -->
  </suite> <!-- Suite -->
</testng-results>
